<?xml version="1.0" encoding="UTF-8"?>
<!-- Generated by org.testng.reporters.JUnitReportReporter -->
<testsuite skipped="0" hostname="DESKTOP-2JHI0MB" name="com.amazon.qa.testcases.SignInPageTest" tests="1" failures="0" timestamp="26 Mar 2019 13:57:35 GMT" time="124.505" errors="0">
  <testcase name="verifySignInPageTitle" time="124.505" classname="com.amazon.qa.testcases.SignInPageTest"/>
</testsuite> <!-- com.amazon.qa.testcases.SignInPageTest -->
