<?xml version="1.0" encoding="UTF-8"?>
<!-- Generated by org.testng.reporters.JUnitReportReporter -->
<testsuite skipped="0" hostname="DESKTOP-2JHI0MB" name="com.amazon.qa.testcases.NewRegistrationPageTest" tests="4" failures="0" timestamp="26 Mar 2019 13:57:35 GMT" time="465.379" errors="0">
  <testcase name="NewRegistrationTest" time="75.328" classname="com.amazon.qa.testcases.NewRegistrationPageTest"/>
  <testcase name="NewRegistrationTest" time="169.191" classname="com.amazon.qa.testcases.NewRegistrationPageTest"/>
  <testcase name="NewRegistrationTest" time="138.734" classname="com.amazon.qa.testcases.NewRegistrationPageTest"/>
  <testcase name="NewRegistrationTest" time="82.126" classname="com.amazon.qa.testcases.NewRegistrationPageTest"/>
</testsuite> <!-- com.amazon.qa.testcases.NewRegistrationPageTest -->
