<?xml version="1.0" encoding="UTF-8"?>
<!-- Generated by org.testng.reporters.JUnitReportReporter -->
<testsuite skipped="0" hostname="DESKTOP-2JHI0MB" name="com.amazon.qa.testcases.YourAmazonPageTest" tests="1" failures="0" timestamp="26 Mar 2019 13:57:35 GMT" time="66.005" errors="0">
  <testcase name="verifyUsernameLabelTest" time="66.005" classname="com.amazon.qa.testcases.YourAmazonPageTest"/>
</testsuite> <!-- com.amazon.qa.testcases.YourAmazonPageTest -->
