<?xml version="1.0" encoding="UTF-8"?>
<!-- Generated by org.testng.reporters.JUnitReportReporter -->
<testsuite skipped="0" hostname="DESKTOP-2JHI0MB" name="com.amazon.qa.testcases.LoginPageTest" tests="1" failures="0" timestamp="26 Mar 2019 13:57:35 GMT" time="83.033" errors="0">
  <testcase name="validateUsernameLabelTest" time="83.033" classname="com.amazon.qa.testcases.LoginPageTest"/>
</testsuite> <!-- com.amazon.qa.testcases.LoginPageTest -->
